d:\vc\提瓦特幸存者\no name\x64\release\vc143.pdb
d:\vc\提瓦特幸存者\no name\x64\release\snail.obj
d:\vc\提瓦特幸存者\no name\x64\release\skill_max.obj
d:\vc\提瓦特幸存者\no name\x64\release\skill.obj
d:\vc\提瓦特幸存者\no name\x64\release\sheet.obj
d:\vc\提瓦特幸存者\no name\x64\release\role_anim.obj
d:\vc\提瓦特幸存者\no name\x64\release\prop_heart.obj
d:\vc\提瓦特幸存者\no name\x64\release\prop_coin.obj
d:\vc\提瓦特幸存者\no name\x64\release\prop.obj
d:\vc\提瓦特幸存者\no name\x64\release\main.obj
d:\vc\提瓦特幸存者\no name\x64\release\magic.obj
d:\vc\提瓦特幸存者\no name\x64\release\father_e.obj
d:\vc\提瓦特幸存者\no name\x64\release\e_bullet.obj
d:\vc\提瓦特幸存者\no name\x64\release\enemy.obj
d:\vc\提瓦特幸存者\no name\x64\release\eagle.obj
d:\vc\提瓦特幸存者\no name\x64\release\bullet.obj
d:\vc\提瓦特幸存者\no name\x64\release\boss1.obj
d:\vc\提瓦特幸存者\no name\x64\release\bee.obj
d:\vc\提瓦特幸存者\no name\x64\release\bear.obj
d:\vc\提瓦特幸存者\no name\x64\release\ball_skill.obj
d:\vc\提瓦特幸存者\no name\x64\release\b1_bullet.obj
d:\vc\提瓦特幸存者\x64\release\no name.exe
d:\vc\提瓦特幸存者\x64\release\no name.pdb
d:\vc\提瓦特幸存者\no name\x64\release\no name.ipdb
d:\vc\提瓦特幸存者\no name\x64\release\no name.iobj
d:\vc\提瓦特幸存者\no name\x64\release\no name.tlog\cl.command.1.tlog
d:\vc\提瓦特幸存者\no name\x64\release\no name.tlog\cl.items.tlog
d:\vc\提瓦特幸存者\no name\x64\release\no name.tlog\cl.read.1.tlog
d:\vc\提瓦特幸存者\no name\x64\release\no name.tlog\cl.write.1.tlog
d:\vc\提瓦特幸存者\no name\x64\release\no name.tlog\link.command.1.tlog
d:\vc\提瓦特幸存者\no name\x64\release\no name.tlog\link.read.1.tlog
d:\vc\提瓦特幸存者\no name\x64\release\no name.tlog\link.secondary.1.tlog
d:\vc\提瓦特幸存者\no name\x64\release\no name.tlog\link.write.1.tlog
